# JRE version: OpenJDK Runtime Environment (11.0.3+12) (build 11.0.3+12-b304.10)
# Java VM: OpenJDK 64-Bit Server VM (11.0.3+12-b304.10, mixed mode, tiered, compressed oops, g1 gc, linux-amd64)
Heap:
 garbage-first heap   total 475136K, used 41465K [0x000000008ae00000, 0x0000000100000000)
  region size 1024K, 1 young (1024K), 1 survivors (1024K)
 Metaspace       used 47467K, capacity 48737K, committed 49368K, reserved 1093632K
  class space    used 5481K, capacity 5971K, committed 6104K, reserved 1048576K
GC Heap History (10 events):
Event: 63,598 GC heap after
{Heap after GC invocations=41 (full 0):
 garbage-first heap   total 290816K, used 41331K [0x000000008ae00000, 0x0000000100000000)
  region size 1024K, 1 young (1024K), 1 survivors (1024K)
 Metaspace       used 47404K, capacity 48667K, committed 49112K, reserved 1091584K
  class space    used 5477K, capacity 5970K, committed 6104K, reserved 1048576K
}
Event: 64,987 GC heap before
{Heap before GC invocations=41 (full 0):
 garbage-first heap   total 290816K, used 214387K [0x000000008ae00000, 0x0000000100000000)
  region size 1024K, 170 young (174080K), 1 survivors (1024K)
 Metaspace       used 47410K, capacity 48667K, committed 49112K, reserved 1091584K
  class space    used 5478K, capacity 5970K, committed 6104K, reserved 1048576K
}
Event: 65,090 GC heap after
{Heap after GC invocations=42 (full 0):
 garbage-first heap   total 355328K, used 41421K [0x000000008ae00000, 0x0000000100000000)
  region size 1024K, 1 young (1024K), 1 survivors (1024K)
 Metaspace       used 47410K, capacity 48667K, committed 49112K, reserved 1091584K
  class space    used 5478K, capacity 5970K, committed 6104K, reserved 1048576K
}
Event: 308,810 GC heap before
{Heap before GC invocations=42 (full 0):
 garbage-first heap   total 355328K, used 253389K [0x000000008ae00000, 0x0000000100000000)
  region size 1024K, 208 young (212992K), 1 survivors (1024K)
 Metaspace       used 47437K, capacity 48667K, committed 49112K, reserved 1091584K
  class space    used 5480K, capacity 5970K, committed 6104K, reserved 1048576K
}
Event: 315,065 GC heap after
{Heap after GC invocations=43 (full 0):
 garbage-first heap   total 355328K, used 41432K [0x000000008ae00000, 0x0000000100000000)
  region size 1024K, 1 young (1024K), 1 survivors (1024K)
 Metaspace       used 47437K, capacity 48667K, committed 49112K, reserved 1091584K
  class space    used 5480K, capacity 5970K, committed 6104K, reserved 1048576K
}
Event: 353,185 GC heap before
{Heap before GC invocations=43 (full 0):
 garbage-first heap   total 355328K, used 57816K [0x000000008ae00000, 0x0000000100000000)
  region size 1024K, 17 young (17408K), 1 survivors (1024K)
 Metaspace       used 47438K, capacity 48667K, committed 49112K, reserved 1091584K
  class space    used 5480K, capacity 5970K, committed 6104K, reserved 1048576K
}
Event: 361,145 GC heap after
{Heap after GC invocations=44 (full 0):
 garbage-first heap   total 355328K, used 41451K [0x000000008ae00000, 0x0000000100000000)
  region size 1024K, 1 young (1024K), 1 survivors (1024K)
 Metaspace       used 47438K, capacity 48667K, committed 49112K, reserved 1091584K
  class space    used 5480K, capacity 5970K, committed 6104K, reserved 1048576K
}
Event: 422,797 GC heap before
{Heap before GC invocations=44 (full 0):
 garbage-first heap   total 355328K, used 57835K [0x000000008ae00000, 0x0000000100000000)
  region size 1024K, 17 young (17408K), 1 survivors (1024K)
 Metaspace       used 47467K, capacity 48737K, committed 49368K, reserved 1093632K
  class space    used 5481K, capacity 5971K, committed 6104K, reserved 1048576K
}
Event: 425,120 GC heap after
{Heap after GC invocations=45 (full 0):
 garbage-first heap   total 355328K, used 41439K [0x000000008ae00000, 0x0000000100000000)
  region size 1024K, 1 young (1024K), 1 survivors (1024K)
 Metaspace       used 47467K, capacity 48737K, committed 49368K, reserved 1093632K
  class space    used 5481K, capacity 5971K, committed 6104K, reserved 1048576K
}
Event: 429,536 GC heap before
{Heap before GC invocations=45 (full 0):
 garbage-first heap   total 355328K, used 57823K [0x000000008ae00000, 0x0000000100000000)
  region size 1024K, 17 young (17408K), 1 survivors (1024K)
 Metaspace       used 47467K, capacity 48737K, committed 49368K, reserved 1093632K
  class space    used 5481K, capacity 5971K, committed 6104K, reserved 1048576K
}

